[2023-10-26 21:30:14] [ INFO ] [Main:7] probando
[2023-10-26 22:07:13] [ INFO ] [Main:7] probando
[2023-10-26 22:24:34] [ ERROR] [OdontoloDaoH2:49] Table "ODONTOLOGOS" not found (this database is empty); SQL statement:
INSERT INTO ODONTOLOGOS (NUMERO_MATRICULA, NOMBRE, APELLIDO) VALUES (?, ?, ?) [42104-224]
[2023-10-26 22:24:34] [ INFO ] [OdontoloDaoH2:54] Tuvimos un problema
[2023-10-26 22:24:34] [ ERROR] [OdontoloDaoH2:55] Table "ODONTOLOGOS" not found (this database is empty); SQL statement:
INSERT INTO ODONTOLOGOS (NUMERO_MATRICULA, NOMBRE, APELLIDO) VALUES (?, ?, ?) [42104-224]
[2023-10-26 22:33:27] [ ERROR] [OdontoloDaoH2:49] Table "ODONTOLOGOS" not found (this database is empty); SQL statement:
INSERT INTO ODONTOLOGOS (NUMERO_MATRICULA, NOMBRE, APELLIDO) VALUES (?, ?, ?) [42104-224]
[2023-10-26 22:33:27] [ INFO ] [OdontoloDaoH2:54] Tuvimos un problema
[2023-10-26 22:33:27] [ ERROR] [OdontoloDaoH2:55] Table "ODONTOLOGOS" not found (this database is empty); SQL statement:
INSERT INTO ODONTOLOGOS (NUMERO_MATRICULA, NOMBRE, APELLIDO) VALUES (?, ?, ?) [42104-224]
[2023-10-26 22:46:36] [ ERROR] [OdontoloDaoH2:52] Syntax error in SQL statement "CREATE TABLE ODONTOLOGOS(ID INT AUTO_INCREMENT PRIMARY KEY, NUMERO_MATRICULA INT NOT NULL, NOMBRE VARCHAR(100) NOT NULL, APELLIDO VARCHAR(100) NOT NULL [*]"; expected "DEFAULT, GENERATED, ON UPDATE, DEFAULT ON NULL, SEQUENCE, SELECTIVITY, COMMENT, CONSTRAINT, COMMENT, PRIMARY KEY, UNIQUE, NOT NULL, CHECK, REFERENCES, ,, )"; SQL statement:
CREATE TABLE ODONTOLOGOS(ID INT AUTO_INCREMENT PRIMARY KEY, NUMERO_MATRICULA INT NOT NULL, NOMBRE VARCHAR(100) NOT NULL, APELLIDO VARCHAR(100) NOT NULL  [42001-224]
[2023-10-26 22:46:36] [ INFO ] [OdontoloDaoH2:57] Tuvimos un problema
[2023-10-26 22:46:36] [ ERROR] [OdontoloDaoH2:58] Syntax error in SQL statement "CREATE TABLE ODONTOLOGOS(ID INT AUTO_INCREMENT PRIMARY KEY, NUMERO_MATRICULA INT NOT NULL, NOMBRE VARCHAR(100) NOT NULL, APELLIDO VARCHAR(100) NOT NULL [*]"; expected "DEFAULT, GENERATED, ON UPDATE, DEFAULT ON NULL, SEQUENCE, SELECTIVITY, COMMENT, CONSTRAINT, COMMENT, PRIMARY KEY, UNIQUE, NOT NULL, CHECK, REFERENCES, ,, )"; SQL statement:
CREATE TABLE ODONTOLOGOS(ID INT AUTO_INCREMENT PRIMARY KEY, NUMERO_MATRICULA INT NOT NULL, NOMBRE VARCHAR(100) NOT NULL, APELLIDO VARCHAR(100) NOT NULL  [42001-224]
[2023-10-26 22:48:45] [ INFO ] [OdontoloDaoH2:49] Se ha registrado el domicilio: - Id: 0- Número de Matricula: 1234 - Nombre: Jorge - Apellido: Alfaro
[2023-10-26 22:52:06] [ ERROR] [OdontoloDaoH2:54] Table "ODONTOLOGOS" not found (this database is empty); SQL statement:
INSERT INTO ODONTOLOGOS (NUMERO_MATRICULA, NOMBRE, APELLIDO) VALUES (?, ?, ?) [42104-224]
[2023-10-26 22:52:06] [ INFO ] [OdontoloDaoH2:59] Tuvimos un problema
[2023-10-26 22:52:06] [ ERROR] [OdontoloDaoH2:60] Table "ODONTOLOGOS" not found (this database is empty); SQL statement:
INSERT INTO ODONTOLOGOS (NUMERO_MATRICULA, NOMBRE, APELLIDO) VALUES (?, ?, ?) [42104-224]
[2023-10-26 22:53:16] [ INFO ] [OdontoloDaoH2:49] Se ha registrado el domicilio: - Id: 0- Número de Matricula: 1234 - Nombre: Jorge - Apellido: Alfaro
[2023-10-26 22:56:37] [ INFO ] [OdontoloDaoH2:49] Se ha registrado el domicilio: - Id: 0- Número de Matricula: 1234 - Nombre: Jorge - Apellido: Alfaro
[2023-10-26 22:56:37] [ INFO ] [OdontologoDaoMemoria:29] Odontologo guardado: - Id: 1- Número de Matricula: 12374 - Nombre: Cristian - Apellido: Beloqui
